<?xml version="1.0" encoding="UTF-8"?>
<!-- Generated by org.testng.reporters.JUnitXMLReporter -->
<testsuite ignored="0" hostname="md3i4r3c" failures="0" tests="4" name="Default test" time="7.729" errors="0" timestamp="2024-03-04T23:13:25 IST">
  <testcase classname="api.test.UserTests2" name="testPostUser" time="2.474"/>
  <testcase classname="api.test.UserTests2" name="testGetUserByName" time="1.15"/>
  <testcase classname="api.test.UserTests2" name="testUpdateUserByName" time="2.328"/>
  <testcase classname="api.test.UserTests2" name="testDeleteUserByName" time="1.161"/>
</testsuite> <!-- Default test -->
