<?xml version="1.0" encoding="UTF-8"?>
<testng-results ignored="0" total="4" passed="4" failed="0" skipped="0">
  <reporter-output>
  </reporter-output>
  <suite started-at="2024-03-04T23:13:17 IST" name="Default suite" finished-at="2024-03-04T23:13:25 IST" duration-ms="7729">
    <groups>
    </groups>
    <test started-at="2024-03-04T23:13:17 IST" name="Default test" finished-at="2024-03-04T23:13:25 IST" duration-ms="7729">
      <class name="api.test.UserTests2">
        <test-method is-config="true" signature="setup()[pri:0, instance:api.test.UserTests2@750e2b97]" started-at="2024-03-04T23:13:17 IST" name="setup" finished-at="2024-03-04T23:13:18 IST" duration-ms="578" status="PASS">
          <reporter-output>
          </reporter-output>
        </test-method> <!-- setup -->
        <test-method signature="testPostUser()[pri:1, instance:api.test.UserTests2@750e2b97]" started-at="2024-03-04T23:13:18 IST" name="testPostUser" finished-at="2024-03-04T23:13:20 IST" duration-ms="2474" status="PASS">
          <reporter-output>
          </reporter-output>
        </test-method> <!-- testPostUser -->
        <test-method signature="testGetUserByName()[pri:2, instance:api.test.UserTests2@750e2b97]" started-at="2024-03-04T23:13:20 IST" name="testGetUserByName" finished-at="2024-03-04T23:13:21 IST" duration-ms="1150" status="PASS">
          <reporter-output>
          </reporter-output>
        </test-method> <!-- testGetUserByName -->
        <test-method signature="testUpdateUserByName()[pri:3, instance:api.test.UserTests2@750e2b97]" started-at="2024-03-04T23:13:21 IST" name="testUpdateUserByName" finished-at="2024-03-04T23:13:24 IST" duration-ms="2328" status="PASS">
          <reporter-output>
          </reporter-output>
        </test-method> <!-- testUpdateUserByName -->
        <test-method signature="testDeleteUserByName()[pri:4, instance:api.test.UserTests2@750e2b97]" started-at="2024-03-04T23:13:24 IST" name="testDeleteUserByName" finished-at="2024-03-04T23:13:25 IST" duration-ms="1161" status="PASS">
          <reporter-output>
          </reporter-output>
        </test-method> <!-- testDeleteUserByName -->
      </class> <!-- api.test.UserTests2 -->
    </test> <!-- Default test -->
  </suite> <!-- Default suite -->
</testng-results>
